[INFO] [2018-01-26 19:46:19][org.springframework.beans.factory.xml.XmlBeanDefinitionReader]Loading XML bean definitions from class path resource [applicationContext.xml]
[INFO] [2018-01-26 19:46:20][org.springframework.context.support.GenericApplicationContext]Refreshing org.springframework.context.support.GenericApplicationContext@7c0e2abd: startup date [Fri Jan 26 19:46:20 CST 2018]; root of context hierarchy
[INFO] [2018-01-26 19:46:20][org.springframework.beans.factory.config.PropertyPlaceholderConfigurer]Loading properties file from class path resource [jdbc.properties]
[INFO] [2018-01-26 19:46:20][org.springframework.beans.factory.config.PropertyPlaceholderConfigurer]Loading properties file from class path resource [redis.properties]
[INFO] [2018-01-26 19:46:20][org.springframework.beans.factory.annotation.AutowiredAnnotationBeanPostProcessor]JSR-330 'javax.inject.Inject' annotation found and supported for autowiring
[INFO] [2018-01-26 19:46:21][com.ssm.test.TestMyBatis]123
[INFO] [2018-01-26 19:46:21][org.springframework.context.support.GenericApplicationContext]Closing org.springframework.context.support.GenericApplicationContext@7c0e2abd: startup date [Fri Jan 26 19:46:20 CST 2018]; root of context hierarchy
[INFO] [2018-01-26 19:47:01][org.springframework.beans.factory.xml.XmlBeanDefinitionReader]Loading XML bean definitions from class path resource [applicationContext.xml]
[INFO] [2018-01-26 19:47:02][org.springframework.context.support.GenericApplicationContext]Refreshing org.springframework.context.support.GenericApplicationContext@7c0e2abd: startup date [Fri Jan 26 19:47:02 CST 2018]; root of context hierarchy
[INFO] [2018-01-26 19:47:02][org.springframework.beans.factory.config.PropertyPlaceholderConfigurer]Loading properties file from class path resource [jdbc.properties]
[INFO] [2018-01-26 19:47:02][org.springframework.beans.factory.config.PropertyPlaceholderConfigurer]Loading properties file from class path resource [redis.properties]
[INFO] [2018-01-26 19:47:02][org.springframework.beans.factory.annotation.AutowiredAnnotationBeanPostProcessor]JSR-330 'javax.inject.Inject' annotation found and supported for autowiring
[INFO] [2018-01-26 19:47:03][org.springframework.context.support.GenericApplicationContext]Closing org.springframework.context.support.GenericApplicationContext@7c0e2abd: startup date [Fri Jan 26 19:47:02 CST 2018]; root of context hierarchy
[INFO] [2018-01-26 19:49:44][org.springframework.beans.factory.xml.XmlBeanDefinitionReader]Loading XML bean definitions from class path resource [applicationContext.xml]
[INFO] [2018-01-26 19:49:45][org.springframework.context.support.GenericApplicationContext]Refreshing org.springframework.context.support.GenericApplicationContext@7c0e2abd: startup date [Fri Jan 26 19:49:45 CST 2018]; root of context hierarchy
[INFO] [2018-01-26 19:49:45][org.springframework.beans.factory.config.PropertyPlaceholderConfigurer]Loading properties file from class path resource [jdbc.properties]
[INFO] [2018-01-26 19:49:45][org.springframework.beans.factory.config.PropertyPlaceholderConfigurer]Loading properties file from class path resource [redis.properties]
[INFO] [2018-01-26 19:49:45][org.springframework.beans.factory.annotation.AutowiredAnnotationBeanPostProcessor]JSR-330 'javax.inject.Inject' annotation found and supported for autowiring
[ERROR] [2018-01-26 19:49:46][com.ssm.test.TestMyBatis] error 
[INFO] [2018-01-26 19:49:46][org.springframework.context.support.GenericApplicationContext]Closing org.springframework.context.support.GenericApplicationContext@7c0e2abd: startup date [Fri Jan 26 19:49:45 CST 2018]; root of context hierarchy
[INFO] [2018-01-27 11:48:48][com.ssm.util.AliyunOSSClientUtil]上传后的文件MD5数字唯一签名:5922BEA35A30376129CAF3998CD93876
[INFO] [2018-01-27 19:26:11][org.springframework.beans.factory.xml.XmlBeanDefinitionReader]Loading XML bean definitions from class path resource [applicationContext.xml]
[INFO] [2018-01-27 19:26:12][org.springframework.context.support.GenericApplicationContext]Refreshing org.springframework.context.support.GenericApplicationContext@5d5eef3d: startup date [Sat Jan 27 19:26:12 CST 2018]; root of context hierarchy
[INFO] [2018-01-27 19:26:12][org.springframework.beans.factory.config.PropertyPlaceholderConfigurer]Loading properties file from class path resource [jdbc.properties]
[INFO] [2018-01-27 19:26:12][org.springframework.beans.factory.config.PropertyPlaceholderConfigurer]Loading properties file from class path resource [redis.properties]
[INFO] [2018-01-27 19:26:12][org.springframework.beans.factory.annotation.AutowiredAnnotationBeanPostProcessor]JSR-330 'javax.inject.Inject' annotation found and supported for autowiring
[INFO] [2018-01-27 19:26:14][org.springframework.context.support.GenericApplicationContext]Closing org.springframework.context.support.GenericApplicationContext@5d5eef3d: startup date [Sat Jan 27 19:26:12 CST 2018]; root of context hierarchy
[INFO] [2018-01-27 19:27:06][org.springframework.beans.factory.xml.XmlBeanDefinitionReader]Loading XML bean definitions from class path resource [applicationContext.xml]
[INFO] [2018-01-27 19:27:07][org.springframework.context.support.GenericApplicationContext]Refreshing org.springframework.context.support.GenericApplicationContext@5d5eef3d: startup date [Sat Jan 27 19:27:07 CST 2018]; root of context hierarchy
[INFO] [2018-01-27 19:27:07][org.springframework.beans.factory.config.PropertyPlaceholderConfigurer]Loading properties file from class path resource [jdbc.properties]
[INFO] [2018-01-27 19:27:07][org.springframework.beans.factory.config.PropertyPlaceholderConfigurer]Loading properties file from class path resource [redis.properties]
[INFO] [2018-01-27 19:27:07][org.springframework.beans.factory.annotation.AutowiredAnnotationBeanPostProcessor]JSR-330 'javax.inject.Inject' annotation found and supported for autowiring
[INFO] [2018-01-27 19:27:09][org.springframework.context.support.GenericApplicationContext]Closing org.springframework.context.support.GenericApplicationContext@5d5eef3d: startup date [Sat Jan 27 19:27:07 CST 2018]; root of context hierarchy
[INFO] [2018-01-27 19:27:35][org.springframework.beans.factory.xml.XmlBeanDefinitionReader]Loading XML bean definitions from class path resource [applicationContext.xml]
[INFO] [2018-01-27 19:27:35][org.springframework.context.support.GenericApplicationContext]Refreshing org.springframework.context.support.GenericApplicationContext@5d5eef3d: startup date [Sat Jan 27 19:27:35 CST 2018]; root of context hierarchy
[INFO] [2018-01-27 19:27:35][org.springframework.beans.factory.config.PropertyPlaceholderConfigurer]Loading properties file from class path resource [jdbc.properties]
[INFO] [2018-01-27 19:27:35][org.springframework.beans.factory.config.PropertyPlaceholderConfigurer]Loading properties file from class path resource [redis.properties]
[INFO] [2018-01-27 19:27:35][org.springframework.beans.factory.annotation.AutowiredAnnotationBeanPostProcessor]JSR-330 'javax.inject.Inject' annotation found and supported for autowiring
[INFO] [2018-01-27 19:27:37][org.springframework.context.support.GenericApplicationContext]Closing org.springframework.context.support.GenericApplicationContext@5d5eef3d: startup date [Sat Jan 27 19:27:35 CST 2018]; root of context hierarchy
[INFO] [2018-02-07 17:55:17][org.springframework.beans.factory.xml.XmlBeanDefinitionReader]Loading XML bean definitions from class path resource [applicationContext.xml]
[INFO] [2018-02-07 17:55:17][org.springframework.context.support.GenericApplicationContext]Refreshing org.springframework.context.support.GenericApplicationContext@5649fd9b: startup date [Wed Feb 07 17:55:17 CST 2018]; root of context hierarchy
[INFO] [2018-02-07 17:55:18][org.springframework.beans.factory.config.PropertyPlaceholderConfigurer]Loading properties file from class path resource [jdbc.properties]
[INFO] [2018-02-07 17:55:18][org.springframework.beans.factory.config.PropertyPlaceholderConfigurer]Loading properties file from class path resource [redis.properties]
[INFO] [2018-02-07 17:55:18][org.springframework.beans.factory.annotation.AutowiredAnnotationBeanPostProcessor]JSR-330 'javax.inject.Inject' annotation found and supported for autowiring
[INFO] [2018-02-07 17:55:21][org.springframework.context.support.GenericApplicationContext]Closing org.springframework.context.support.GenericApplicationContext@5649fd9b: startup date [Wed Feb 07 17:55:17 CST 2018]; root of context hierarchy
[INFO] [2018-02-10 14:11:09][org.springframework.beans.factory.xml.XmlBeanDefinitionReader]Loading XML bean definitions from class path resource [applicationContext.xml]
[INFO] [2018-02-10 14:11:10][org.springframework.context.support.GenericApplicationContext]Refreshing org.springframework.context.support.GenericApplicationContext@5649fd9b: startup date [Sat Feb 10 14:11:10 CST 2018]; root of context hierarchy
[INFO] [2018-02-10 14:11:10][org.springframework.beans.factory.config.PropertyPlaceholderConfigurer]Loading properties file from class path resource [jdbc.properties]
[INFO] [2018-02-10 14:11:10][org.springframework.beans.factory.config.PropertyPlaceholderConfigurer]Loading properties file from class path resource [redis.properties]
[INFO] [2018-02-10 14:11:10][org.springframework.beans.factory.annotation.AutowiredAnnotationBeanPostProcessor]JSR-330 'javax.inject.Inject' annotation found and supported for autowiring
[INFO] [2018-02-10 14:11:13][org.springframework.context.support.GenericApplicationContext]Closing org.springframework.context.support.GenericApplicationContext@5649fd9b: startup date [Sat Feb 10 14:11:10 CST 2018]; root of context hierarchy
[INFO] [2018-02-10 14:28:43][org.springframework.beans.factory.xml.XmlBeanDefinitionReader]Loading XML bean definitions from class path resource [applicationContext.xml]
[INFO] [2018-02-10 14:28:44][org.springframework.context.support.GenericApplicationContext]Refreshing org.springframework.context.support.GenericApplicationContext@5649fd9b: startup date [Sat Feb 10 14:28:44 CST 2018]; root of context hierarchy
[INFO] [2018-02-10 14:28:44][org.springframework.beans.factory.config.PropertyPlaceholderConfigurer]Loading properties file from class path resource [jdbc.properties]
[INFO] [2018-02-10 14:28:44][org.springframework.beans.factory.config.PropertyPlaceholderConfigurer]Loading properties file from class path resource [redis.properties]
[INFO] [2018-02-10 14:28:44][org.springframework.beans.factory.annotation.AutowiredAnnotationBeanPostProcessor]JSR-330 'javax.inject.Inject' annotation found and supported for autowiring
[INFO] [2018-02-10 14:28:47][org.springframework.context.support.GenericApplicationContext]Closing org.springframework.context.support.GenericApplicationContext@5649fd9b: startup date [Sat Feb 10 14:28:44 CST 2018]; root of context hierarchy
